INFO     - 2023-10-19 20:48:34,315 - Directory ".git" added
INFO     - 2023-10-19 20:48:34,315 - Directory "HW1" added
INFO     - 2023-10-19 20:48:34,315 - Directory "HW10" added
INFO     - 2023-10-19 20:48:34,315 - Directory "HW11" added
INFO     - 2023-10-19 20:48:34,315 - Directory "HW12" added
INFO     - 2023-10-19 20:48:34,315 - Directory "HW15" added
INFO     - 2023-10-19 20:48:34,316 - Directory "HW2" added
INFO     - 2023-10-19 20:48:34,316 - Directory "HW3" added
INFO     - 2023-10-19 20:48:34,316 - Directory "HW4" added
INFO     - 2023-10-19 20:48:34,316 - Directory "HW5" added
INFO     - 2023-10-19 20:48:34,316 - Directory "HW6" added
INFO     - 2023-10-19 20:48:34,316 - Directory "HW7" added
INFO     - 2023-10-19 20:48:34,316 - Directory "HW8" added
INFO     - 2023-10-19 20:48:34,316 - Directory "HW9" added
INFO     - 2023-10-19 20:48:34,316 - Directory "hooks" added
INFO     - 2023-10-19 20:48:34,316 - Directory "info" added
INFO     - 2023-10-19 20:48:34,316 - Directory "logs" added
INFO     - 2023-10-19 20:48:34,316 - Directory "objects" added
INFO     - 2023-10-19 20:48:34,316 - Directory "refs" added
INFO     - 2023-10-19 20:48:34,316 - File "COMMIT_EDITMSG" added
INFO     - 2023-10-19 20:48:34,316 - File "config" added
INFO     - 2023-10-19 20:48:34,316 - File "description" added
INFO     - 2023-10-19 20:48:34,316 - File "HEAD" added
INFO     - 2023-10-19 20:48:34,316 - File "index" added
INFO     - 2023-10-19 20:48:34,316 - File "applypatch-msg.sample" added
INFO     - 2023-10-19 20:48:34,316 - File "commit-msg.sample" added
INFO     - 2023-10-19 20:48:34,316 - File "fsmonitor-watchman.sample" added
INFO     - 2023-10-19 20:48:34,316 - File "post-update.sample" added
INFO     - 2023-10-19 20:48:34,316 - File "pre-applypatch.sample" added
INFO     - 2023-10-19 20:48:34,316 - File "pre-commit.sample" added
INFO     - 2023-10-19 20:48:34,316 - File "pre-merge-commit.sample" added
INFO     - 2023-10-19 20:48:34,316 - File "pre-push.sample" added
INFO     - 2023-10-19 20:48:34,316 - File "pre-rebase.sample" added
INFO     - 2023-10-19 20:48:34,316 - File "pre-receive.sample" added
INFO     - 2023-10-19 20:48:34,316 - File "prepare-commit-msg.sample" added
INFO     - 2023-10-19 20:48:34,316 - File "push-to-checkout.sample" added
INFO     - 2023-10-19 20:48:34,317 - File "sendemail-validate.sample" added
INFO     - 2023-10-19 20:48:34,317 - File "update.sample" added
INFO     - 2023-10-19 20:48:34,317 - File "exclude" added
INFO     - 2023-10-19 20:48:34,317 - Directory "refs" added
INFO     - 2023-10-19 20:48:34,317 - File "HEAD" added
INFO     - 2023-10-19 20:48:34,317 - Directory "heads" added
INFO     - 2023-10-19 20:48:34,317 - Directory "remotes" added
INFO     - 2023-10-19 20:48:34,317 - File "main" added
INFO     - 2023-10-19 20:48:34,317 - Directory "origin" added
INFO     - 2023-10-19 20:48:34,317 - File "main" added
INFO     - 2023-10-19 20:48:34,317 - Directory "03" added
INFO     - 2023-10-19 20:48:34,317 - Directory "04" added
INFO     - 2023-10-19 20:48:34,317 - Directory "06" added
INFO     - 2023-10-19 20:48:34,317 - Directory "07" added
INFO     - 2023-10-19 20:48:34,317 - Directory "0d" added
INFO     - 2023-10-19 20:48:34,317 - Directory "0f" added
INFO     - 2023-10-19 20:48:34,317 - Directory "12" added
INFO     - 2023-10-19 20:48:34,317 - Directory "13" added
INFO     - 2023-10-19 20:48:34,317 - Directory "14" added
INFO     - 2023-10-19 20:48:34,317 - Directory "15" added
INFO     - 2023-10-19 20:48:34,317 - Directory "16" added
INFO     - 2023-10-19 20:48:34,317 - Directory "19" added
INFO     - 2023-10-19 20:48:34,317 - Directory "1a" added
INFO     - 2023-10-19 20:48:34,318 - Directory "1d" added
INFO     - 2023-10-19 20:48:34,318 - Directory "1e" added
INFO     - 2023-10-19 20:48:34,318 - Directory "20" added
INFO     - 2023-10-19 20:48:34,318 - Directory "21" added
INFO     - 2023-10-19 20:48:34,318 - Directory "24" added
INFO     - 2023-10-19 20:48:34,318 - Directory "26" added
INFO     - 2023-10-19 20:48:34,318 - Directory "27" added
INFO     - 2023-10-19 20:48:34,318 - Directory "29" added
INFO     - 2023-10-19 20:48:34,318 - Directory "2c" added
INFO     - 2023-10-19 20:48:34,318 - Directory "2f" added
INFO     - 2023-10-19 20:48:34,318 - Directory "30" added
INFO     - 2023-10-19 20:48:34,318 - Directory "31" added
INFO     - 2023-10-19 20:48:34,318 - Directory "34" added
INFO     - 2023-10-19 20:48:34,318 - Directory "36" added
INFO     - 2023-10-19 20:48:34,318 - Directory "3a" added
INFO     - 2023-10-19 20:48:34,318 - Directory "3c" added
INFO     - 2023-10-19 20:48:34,318 - Directory "42" added
INFO     - 2023-10-19 20:48:34,318 - Directory "44" added
INFO     - 2023-10-19 20:48:34,318 - Directory "4e" added
INFO     - 2023-10-19 20:48:34,318 - Directory "50" added
INFO     - 2023-10-19 20:48:34,318 - Directory "53" added
INFO     - 2023-10-19 20:48:34,319 - Directory "5c" added
INFO     - 2023-10-19 20:48:34,319 - Directory "60" added
INFO     - 2023-10-19 20:48:34,319 - Directory "61" added
INFO     - 2023-10-19 20:48:34,319 - Directory "62" added
INFO     - 2023-10-19 20:48:34,319 - Directory "64" added
INFO     - 2023-10-19 20:48:34,319 - Directory "65" added
INFO     - 2023-10-19 20:48:34,319 - Directory "66" added
INFO     - 2023-10-19 20:48:34,319 - Directory "6a" added
INFO     - 2023-10-19 20:48:34,319 - Directory "6d" added
INFO     - 2023-10-19 20:48:34,319 - Directory "72" added
INFO     - 2023-10-19 20:48:34,319 - Directory "76" added
INFO     - 2023-10-19 20:48:34,319 - Directory "77" added
INFO     - 2023-10-19 20:48:34,319 - Directory "7a" added
INFO     - 2023-10-19 20:48:34,319 - Directory "7b" added
INFO     - 2023-10-19 20:48:34,319 - Directory "7c" added
INFO     - 2023-10-19 20:48:34,319 - Directory "81" added
INFO     - 2023-10-19 20:48:34,319 - Directory "88" added
INFO     - 2023-10-19 20:48:34,319 - Directory "89" added
INFO     - 2023-10-19 20:48:34,319 - Directory "8e" added
INFO     - 2023-10-19 20:48:34,319 - Directory "8f" added
INFO     - 2023-10-19 20:48:34,319 - Directory "92" added
INFO     - 2023-10-19 20:48:34,319 - Directory "94" added
INFO     - 2023-10-19 20:48:34,319 - Directory "95" added
INFO     - 2023-10-19 20:48:34,319 - Directory "98" added
INFO     - 2023-10-19 20:48:34,319 - Directory "99" added
INFO     - 2023-10-19 20:48:34,319 - Directory "9b" added
INFO     - 2023-10-19 20:48:34,319 - Directory "9e" added
INFO     - 2023-10-19 20:48:34,319 - Directory "a1" added
INFO     - 2023-10-19 20:48:34,319 - Directory "a3" added
INFO     - 2023-10-19 20:48:34,319 - Directory "a4" added
INFO     - 2023-10-19 20:48:34,319 - Directory "a7" added
INFO     - 2023-10-19 20:48:34,319 - Directory "ad" added
INFO     - 2023-10-19 20:48:34,319 - Directory "ae" added
INFO     - 2023-10-19 20:48:34,320 - Directory "af" added
INFO     - 2023-10-19 20:48:34,320 - Directory "b1" added
INFO     - 2023-10-19 20:48:34,320 - Directory "b2" added
INFO     - 2023-10-19 20:48:34,320 - Directory "b6" added
INFO     - 2023-10-19 20:48:34,320 - Directory "b7" added
INFO     - 2023-10-19 20:48:34,320 - Directory "b8" added
INFO     - 2023-10-19 20:48:34,320 - Directory "b9" added
INFO     - 2023-10-19 20:48:34,320 - Directory "ba" added
INFO     - 2023-10-19 20:48:34,320 - Directory "bb" added
INFO     - 2023-10-19 20:48:34,320 - Directory "bc" added
INFO     - 2023-10-19 20:48:34,320 - Directory "bd" added
INFO     - 2023-10-19 20:48:34,320 - Directory "c6" added
INFO     - 2023-10-19 20:48:34,320 - Directory "c7" added
INFO     - 2023-10-19 20:48:34,320 - Directory "cf" added
INFO     - 2023-10-19 20:48:34,320 - Directory "d0" added
INFO     - 2023-10-19 20:48:34,320 - Directory "d2" added
INFO     - 2023-10-19 20:48:34,320 - Directory "d3" added
INFO     - 2023-10-19 20:48:34,320 - Directory "d5" added
INFO     - 2023-10-19 20:48:34,320 - Directory "d7" added
INFO     - 2023-10-19 20:48:34,320 - Directory "d8" added
INFO     - 2023-10-19 20:48:34,320 - Directory "d9" added
INFO     - 2023-10-19 20:48:34,320 - Directory "da" added
INFO     - 2023-10-19 20:48:34,320 - Directory "db" added
INFO     - 2023-10-19 20:48:34,320 - Directory "dc" added
INFO     - 2023-10-19 20:48:34,320 - Directory "dd" added
INFO     - 2023-10-19 20:48:34,320 - Directory "de" added
INFO     - 2023-10-19 20:48:34,320 - Directory "e1" added
INFO     - 2023-10-19 20:48:34,320 - Directory "e2" added
INFO     - 2023-10-19 20:48:34,320 - Directory "e4" added
INFO     - 2023-10-19 20:48:34,320 - Directory "e6" added
INFO     - 2023-10-19 20:48:34,320 - Directory "e7" added
INFO     - 2023-10-19 20:48:34,320 - Directory "ee" added
INFO     - 2023-10-19 20:48:34,321 - Directory "ef" added
INFO     - 2023-10-19 20:48:34,321 - Directory "f1" added
INFO     - 2023-10-19 20:48:34,321 - Directory "f3" added
INFO     - 2023-10-19 20:48:34,321 - Directory "f4" added
INFO     - 2023-10-19 20:48:34,321 - Directory "f8" added
INFO     - 2023-10-19 20:48:34,321 - Directory "fc" added
INFO     - 2023-10-19 20:48:34,321 - Directory "fd" added
INFO     - 2023-10-19 20:48:34,321 - Directory "fe" added
INFO     - 2023-10-19 20:48:34,321 - Directory "info" added
INFO     - 2023-10-19 20:48:34,321 - Directory "pack" added
INFO     - 2023-10-19 20:48:34,321 - File "9d3ee1515c1cd5b87c2ef0ce53c1a27bddd060" added
INFO     - 2023-10-19 20:48:34,321 - File "7a77cdff0103c3634a8a0f3f8bb9f81750a512" added
INFO     - 2023-10-19 20:48:34,321 - File "7627ee153698aa0e12d3a12abf0d4428f9d16a" added
INFO     - 2023-10-19 20:48:34,321 - File "19c0d6aa5d239b4464f7bd1cf8e5c4e751dbec" added
INFO     - 2023-10-19 20:48:34,321 - File "a378c626d93c2ee4c2dd39f74e72b534ddbed4" added
INFO     - 2023-10-19 20:48:34,321 - File "3a166ed84a263f24781e505a4886bb407781fb" added
INFO     - 2023-10-19 20:48:34,321 - File "e42396b2bb3534eca427f5859eebc58aaf3ce3" added
INFO     - 2023-10-19 20:48:34,321 - File "2e9e2aa2ef6c34bd0cda2583ebc37ed2839f38" added
INFO     - 2023-10-19 20:48:34,321 - File "e7a44b30ab463577d3104a96d36577cb90d672" added
INFO     - 2023-10-19 20:48:34,321 - File "48a0f5002f0d2cd0134b262dde4ee3e24cbb37" added
INFO     - 2023-10-19 20:48:34,321 - File "222cd4b235bdd3922ffcf628072ae5ccabbb1e" added
INFO     - 2023-10-19 20:48:34,321 - File "1a14d14f3833da0f5871a8f4e2a5fff883bd56" added
INFO     - 2023-10-19 20:48:34,321 - File "ba556cbcc75ae605363dac2de0a61905f6fa11" added
INFO     - 2023-10-19 20:48:34,321 - File "216d33b29e271391cacf8b26404a600769eaf9" added
INFO     - 2023-10-19 20:48:34,321 - File "dd433b10d664947281d6782efc72c464930485" added
INFO     - 2023-10-19 20:48:34,321 - File "93b9e2feb2844f8c0c69e29399d96b64ecdc6c" added
INFO     - 2023-10-19 20:48:34,321 - File "cd8c806a2cf35ad74a76dec302f7aba7caf313" added
INFO     - 2023-10-19 20:48:34,321 - File "90ac708d2c88d73a2e8b7ccf11efa1fffac18f" added
INFO     - 2023-10-19 20:48:34,321 - File "c1b1243f1e83dd1b2e9d3ea97fc18a3cce4494" added
INFO     - 2023-10-19 20:48:34,321 - File "028bad0ee9c9e55de13d47dad388278582a9ec" added
INFO     - 2023-10-19 20:48:34,321 - File "71b46310ba5f12a5e09f0692011369c41402ad" added
INFO     - 2023-10-19 20:48:34,321 - File "e189e8735cc8561d004c7c0cb57c01eec0867f" added
INFO     - 2023-10-19 20:48:34,322 - File "adfbe95c081ad546ade70446741fad2bacc03d" added
INFO     - 2023-10-19 20:48:34,322 - File "d55afab2629f9622bb4f208ab8cb06dd049260" added
INFO     - 2023-10-19 20:48:34,322 - File "93513aff00fe5030e585408735b6ffbabb6828" added
INFO     - 2023-10-19 20:48:34,322 - File "8f9d5cbc2a6fe05bbe742a5ced54d34e98dcc8" added
INFO     - 2023-10-19 20:48:34,322 - File "9cb41c0b227d5cd0b4d4272328e0e02c2b0c13" added
INFO     - 2023-10-19 20:48:34,322 - File "068077a50ca482ba40e1ff3970b4186fcae167" added
INFO     - 2023-10-19 20:48:34,322 - File "319df5bf8c6136bbc98d03f82328064a73cc8c" added
INFO     - 2023-10-19 20:48:34,322 - File "d00fc97bbc0503dc330f5ee7e48311e465213a" added
INFO     - 2023-10-19 20:48:34,322 - File "38fe03799244fac52e2936e0fbc2649e85031a" added
INFO     - 2023-10-19 20:48:34,322 - File "e24ff918b05c9c0a65cee173dbce63ab35da37" added
INFO     - 2023-10-19 20:48:34,322 - File "40a9637f9835d0a3230411fbff99a7861f81a1" added
INFO     - 2023-10-19 20:48:34,322 - File "7fd35cde3f9a7a764c82190eebcc0444fff985" added
INFO     - 2023-10-19 20:48:34,322 - File "2eee79cf6c4f7a8712d037d6deba61926775d2" added
INFO     - 2023-10-19 20:48:34,322 - File "b37c74796ecd5a01b1c00d08d38b29eec71abc" added
INFO     - 2023-10-19 20:48:34,322 - File "1bb63c3f7ce7f489131d2ac3e8fa5d3692b20b" added
INFO     - 2023-10-19 20:48:34,322 - File "cc323677016e60fadce76da804baa84fdef31f" added
INFO     - 2023-10-19 20:48:34,322 - File "bc04dfeeab7a9114e67f9665be34bba552c4d3" added
INFO     - 2023-10-19 20:48:34,322 - File "4df3667f46481dcb0da64cf3354e6dd9dfe36e" added
INFO     - 2023-10-19 20:48:34,322 - File "01c41fe99c9f8724c271b4edc2deb2eef31a92" added
INFO     - 2023-10-19 20:48:34,322 - File "6e4186769b71757787498eb7f8fc361913eeeb" added
INFO     - 2023-10-19 20:48:34,322 - File "45f8220922f0b6d7c1c7c342db8c94f7bb04c3" added
INFO     - 2023-10-19 20:48:34,322 - File "638e032f8da11603ce3279cb566893fe481a7d" added
INFO     - 2023-10-19 20:48:34,322 - File "9b57947495b5992aa7b35e771145cad638e9a8" added
INFO     - 2023-10-19 20:48:34,322 - File "b11990dcc4d791bd9fe31f52c269c41a581298" added
INFO     - 2023-10-19 20:48:34,322 - File "ab2483d33b4ed8e5653519747242d57b739f60" added
INFO     - 2023-10-19 20:48:34,322 - File "f574efaa2388d55a367fce7c9e97e7a360fb52" added
INFO     - 2023-10-19 20:48:34,322 - File "5c7ff592f929db27a7beb029af061d108d7a89" added
INFO     - 2023-10-19 20:48:34,322 - File "0bcc1d4dc1c8294e1a7669ad913fddd4972844" added
INFO     - 2023-10-19 20:48:34,322 - File "b096dffb4930a8a7405792d795ba41e2b4d975" added
INFO     - 2023-10-19 20:48:34,322 - File "2a3d768cbc6254d5c8e60dd078f9616db1b7f5" added
INFO     - 2023-10-19 20:48:34,322 - File "554328909c7a6739c9990329fec5f0df672abe" added
INFO     - 2023-10-19 20:48:34,323 - File "a2036fde52e6ab07da9984043e0bc74a85533f" added
INFO     - 2023-10-19 20:48:34,323 - File "482e3bda5eff48f96f39143859a84c10067358" added
INFO     - 2023-10-19 20:48:34,323 - File "52b366d1e73c8ec5a5caadeaae0b650ef40af0" added
INFO     - 2023-10-19 20:48:34,323 - File "34b4ab3e21af142acd9e30524b5bf48c17721a" added
INFO     - 2023-10-19 20:48:34,323 - File "7ba5b271c140a404eeae80325407c55a47d16a" added
INFO     - 2023-10-19 20:48:34,323 - File "c42f13fa7d98b02712e4ef681bed624268f919" added
INFO     - 2023-10-19 20:48:34,323 - File "287e12ca99fece20e0424972140dff0fea07b6" added
INFO     - 2023-10-19 20:48:34,323 - File "335f4da2b753a9bed53dbcad2c9dd3ac0d08b1" added
INFO     - 2023-10-19 20:48:34,323 - File "d857f24187d56551c04abfd5ecab4784603dbe" added
INFO     - 2023-10-19 20:48:34,323 - File "45c8a4a0f3e92cba676206a35e6d25263105c4" added
INFO     - 2023-10-19 20:48:34,323 - File "f27a1e6dc3f909721f1fbc5a7e1ae8775dbc9f" added
INFO     - 2023-10-19 20:48:34,323 - File "f02b2b4d0c4e639d3935453beaf9752aeb140d" added
INFO     - 2023-10-19 20:48:34,323 - File "0270b3f3228a8e15802e3090b8bd463d39ca73" added
INFO     - 2023-10-19 20:48:34,323 - File "ec0f914724379a345bfbd6f7a51259a2000916" added
INFO     - 2023-10-19 20:48:34,323 - File "bb76cfb46282ec30f27ffcd701e23d709bfca0" added
INFO     - 2023-10-19 20:48:34,323 - File "4a017ada2b641b1a334e5d5914ce4d13fc95ce" added
INFO     - 2023-10-19 20:48:34,323 - File "7866e6c3f2f089000adaf28e13c1a42a4349ae" added
INFO     - 2023-10-19 20:48:34,323 - File "1de17e2162fc8ae3ad284c73c76e508bf90e2d" added
INFO     - 2023-10-19 20:48:34,323 - File "34db7245b95509f8774531279ab6ea2339f88a" added
INFO     - 2023-10-19 20:48:34,323 - File "60685e01908fec1d83ed1f1b828753cd035824" added
INFO     - 2023-10-19 20:48:34,323 - File "b1db0411b713567151ca77a45ba2d5c57babb6" added
INFO     - 2023-10-19 20:48:34,323 - File "bf40947393ed9897adf7a4bc3e8fcc7c5010a0" added
INFO     - 2023-10-19 20:48:34,323 - File "3ebb8cc8e0db8b5b50301853bbbe35a4718af4" added
INFO     - 2023-10-19 20:48:34,323 - File "4bba4107a0ee9be21a04ba1864a31bf3416c77" added
INFO     - 2023-10-19 20:48:34,323 - File "4b3697f4916d8edc84cf2c71260feeab6ebd97" added
INFO     - 2023-10-19 20:48:34,323 - File "b596207a5af37e8cc1bd92d85d7b4dedca5f9b" added
INFO     - 2023-10-19 20:48:34,323 - File "06f459160e0d61bdaa31f70c238d3e0b008212" added
INFO     - 2023-10-19 20:48:34,323 - File "24e0da11590cfaf6b44a3f2ae2b8255fe034a7" added
INFO     - 2023-10-19 20:48:34,323 - File "699f7de5f598eb92fff2df86fd8053a2784109" added
INFO     - 2023-10-19 20:48:34,323 - File "92c2d8adcb93ebecd27b3140e624e0a53f5a7f" added
INFO     - 2023-10-19 20:48:34,323 - File "cee58ed1f7569889586b19dff666ec373c9ae1" added
INFO     - 2023-10-19 20:48:34,324 - File "b774ab978c1d04ea0a6598a97b129b971f231c" added
INFO     - 2023-10-19 20:48:34,324 - File "fc03be359dc40ba9684ad18432ce5ea4a466c3" added
INFO     - 2023-10-19 20:48:34,324 - File "5935350eb4b11dd8a23e80bb63e0bc74e97421" added
INFO     - 2023-10-19 20:48:34,324 - File "6b03ca35164ef0195ceea0c4c3717b872808d9" added
INFO     - 2023-10-19 20:48:34,324 - File "23d63c97c4231b4e0d4d36b29f46c419c386ff" added
INFO     - 2023-10-19 20:48:34,324 - File "d9672bc7460d93803e9034f598628fea1a1b86" added
INFO     - 2023-10-19 20:48:34,324 - File "d843840dbb98db9b4254c96155591e02388638" added
INFO     - 2023-10-19 20:48:34,324 - File "95f169597e5b28e13e9e2c418cc6620564be9d" added
INFO     - 2023-10-19 20:48:34,324 - File "74fd7b46352afaa1c2234db4be56bb371208df" added
INFO     - 2023-10-19 20:48:34,324 - File "28d19a4462198e6c0bbd6ace3163475844428a" added
INFO     - 2023-10-19 20:48:34,324 - File "fe9424efb62b4af41f55b4b03c2b16d41622b0" added
INFO     - 2023-10-19 20:48:34,324 - File "53dbe22e9bdec24dd6e140210474cdc5363962" added
INFO     - 2023-10-19 20:48:34,324 - File "94198d8e5aa31d3b2d4a3649f787162e68cc99" added
INFO     - 2023-10-19 20:48:34,324 - File "e92aa83a9446e3a23a727e1c04afefb1e6a1a5" added
INFO     - 2023-10-19 20:48:34,324 - File "01be703b7e1a8413a710fcd5226515e720b750" added
INFO     - 2023-10-19 20:48:34,324 - File "55f3218ba5f5cf37035749d9d60cb1fb68f065" added
INFO     - 2023-10-19 20:48:34,324 - File "f021b6ecb313c176f7937831c2fb24197bc79f" added
INFO     - 2023-10-19 20:48:34,324 - File "82b8a07e1b59ef45b28a974402046eb5abcf20" added
INFO     - 2023-10-19 20:48:34,324 - File "aee1017a1d338d5bf93e52f5080e97ed98c08b" added
INFO     - 2023-10-19 20:48:34,324 - File "006544da35e41e3d96fc4a31edb96c4e93675a" added
INFO     - 2023-10-19 20:48:34,324 - File "3feea1ed01ba7a338268c207b3883856d00ce2" added
INFO     - 2023-10-19 20:48:34,324 - File "3fffacda41ad2fcae968c728d242e39c185cfb" added
INFO     - 2023-10-19 20:48:34,324 - File "fe38a64f21f1ad397d01346a2fd010625b797d" added
INFO     - 2023-10-19 20:48:34,324 - File "1e48db32658def07d077fa0b043ec393729c7a" added
INFO     - 2023-10-19 20:48:34,324 - File "f1176d4f009e9106922d3e1b80410f53216010" added
INFO     - 2023-10-19 20:48:34,324 - File "508e537e9c516e2a0430623a092387b9175a0a" added
INFO     - 2023-10-19 20:48:34,324 - File "e8dbe4a53d6681285067c62414fb7b5d1527c0" added
INFO     - 2023-10-19 20:48:34,324 - File "ebeb7af2cd05f60509faea156fdd559b7fdd97" added
INFO     - 2023-10-19 20:48:34,324 - File "326d2b4f254087401986966c03768d632a537c" added
INFO     - 2023-10-19 20:48:34,324 - File "52fc50217ca1eb73d82ee588b448a4c25a0f0e" added
INFO     - 2023-10-19 20:48:34,324 - File "b94a2f4e1d81dcef5850056091747f88b9ff59" added
INFO     - 2023-10-19 20:48:34,324 - File "0f3a319c5d2c464b45f29552a6d614b577448b" added
INFO     - 2023-10-19 20:48:34,325 - File "e6fc7693eea3fa05c826462a1a7693e297d560" added
INFO     - 2023-10-19 20:48:34,325 - File "458d441a35de398b58a120f7a019c43641623e" added
INFO     - 2023-10-19 20:48:34,325 - File "64e7a3b44f51a2cb93626316774aae30cb69dc" added
INFO     - 2023-10-19 20:48:34,325 - File "80ca27338022c665a53cecdb23ca39cea76f96" added
INFO     - 2023-10-19 20:48:34,325 - File "1e2947a20064126f2842652b45de443515e329" added
INFO     - 2023-10-19 20:48:34,325 - File "c930f4708a0f381bf91425ebc6b56930186b1e" added
INFO     - 2023-10-19 20:48:34,325 - File "f619db302f73f8de931bf29196e9eb9ea76630" added
INFO     - 2023-10-19 20:48:34,325 - File "15f200b1fdd9be61547cce602ac40d70f563d9" added
INFO     - 2023-10-19 20:48:34,325 - File "f155638c151f0d986fd07f254dab42e3b9720c" added
INFO     - 2023-10-19 20:48:34,325 - File "7426825a16b341e929b41b48fc96a9826c0f0c" added
INFO     - 2023-10-19 20:48:34,325 - File "4fbf4568e5bcb0dbfe40cd52851c7bec4c765b" added
INFO     - 2023-10-19 20:48:34,325 - File "9de29bb2d1d6434b8b29ae775ad8c2e48c5391" added
INFO     - 2023-10-19 20:48:34,325 - File "ef4445ddc25ef7f0309166605c667b98327108" added
INFO     - 2023-10-19 20:48:34,325 - File "b5d4d483b89d2bb3c0288fc7c13fab9e3c644e" added
INFO     - 2023-10-19 20:48:34,325 - File "d52b0d701dd6ffb76bacf9d00457d7e914baf3" added
INFO     - 2023-10-19 20:48:34,325 - File "384717853a4ae002d7ded3aa58473d6c5f6214" added
INFO     - 2023-10-19 20:48:34,325 - File "4a5608ec11a13055162d78360e053bc395675b" added
INFO     - 2023-10-19 20:48:34,325 - File "6f9f5afd21691535eb295bd291baab9b34c8cd" added
INFO     - 2023-10-19 20:48:34,325 - File "7538bec1f7428c409e702a7bad498190a2acce" added
INFO     - 2023-10-19 20:48:34,325 - File "1c3d9193d5f930cf00c72826d6524ec5795065" added
INFO     - 2023-10-19 20:48:34,325 - File "c09fca07a2454af01c11aac5f5a1a1fe7105a2" added
INFO     - 2023-10-19 20:48:34,325 - File "1cc3f870dd4e36912f140b0c74844d4c19e9d0" added
INFO     - 2023-10-19 20:48:34,325 - File "2157392b5586bb9449df8ca6704b809a28106c" added
INFO     - 2023-10-19 20:48:34,325 - File "44530239c9111b5c499171de00163d12bbf8f4" added
INFO     - 2023-10-19 20:48:34,325 - File "f8f81725f5623c3ed1f2a3e62307207b6bac0e" added
INFO     - 2023-10-19 20:48:34,325 - Directory "heads" added
INFO     - 2023-10-19 20:48:34,325 - Directory "remotes" added
INFO     - 2023-10-19 20:48:34,325 - Directory "tags" added
INFO     - 2023-10-19 20:48:34,325 - File "main" added
INFO     - 2023-10-19 20:48:34,325 - Directory "origin" added
INFO     - 2023-10-19 20:48:34,326 - File "main" added
INFO     - 2023-10-19 20:48:34,326 - File "001_MultiplicationTable.py" added
INFO     - 2023-10-19 20:48:34,326 - File "002_TriangleCheck.py" added
INFO     - 2023-10-19 20:48:34,326 - File "003_PrimeOrCompositeNumb.py" added
INFO     - 2023-10-19 20:48:34,326 - File "004_GuessNumber.py" added
INFO     - 2023-10-19 20:48:34,326 - Directory "fabric" added
INFO     - 2023-10-19 20:48:34,326 - Directory "Fibonacci" added
INFO     - 2023-10-19 20:48:34,326 - Directory "Triangle" added
INFO     - 2023-10-19 20:48:34,326 - Directory "__pycache__" added
INFO     - 2023-10-19 20:48:34,326 - File "animals.py" added
INFO     - 2023-10-19 20:48:34,326 - File "fabric.py" added
INFO     - 2023-10-19 20:48:34,326 - File "animals.cpython-311.pyc" added
INFO     - 2023-10-19 20:48:34,326 - File "fibonacci.py" added
INFO     - 2023-10-19 20:48:34,326 - File "Triangle.py" added
INFO     - 2023-10-19 20:48:34,326 - File "task1_ai.py" added
INFO     - 2023-10-19 20:48:34,326 - File "task1_my.py" added
INFO     - 2023-10-19 20:48:34,326 - File "task2_ai.py" added
INFO     - 2023-10-19 20:48:34,326 - File "task2_my.py" added
INFO     - 2023-10-19 20:48:34,326 - File "task3_ai.py" added
INFO     - 2023-10-19 20:48:34,326 - File "task3_my.py" added
INFO     - 2023-10-19 20:48:34,326 - File "task4_ai.py" added
INFO     - 2023-10-19 20:48:34,326 - File "task4_my.py" added
INFO     - 2023-10-19 20:48:34,326 - File "ПримерОтПрепода" added
INFO     - 2023-10-19 20:48:34,326 - File "Student.py" added
INFO     - 2023-10-19 20:48:34,326 - File "subjects.csv" added
INFO     - 2023-10-19 20:48:34,326 - File "taskDescription.md" added
INFO     - 2023-10-19 20:48:34,326 - File "ПРИмерОтПр" added
INFO     - 2023-10-19 20:48:34,326 - File "примерОтПрепода" added
INFO     - 2023-10-19 20:48:34,326 - Directory "__pycache__" added
INFO     - 2023-10-19 20:48:34,326 - File "directory_list.py" added
INFO     - 2023-10-19 20:48:34,326 - File "HW15.log" added
INFO     - 2023-10-19 20:48:34,326 - File "log.py" added
INFO     - 2023-10-19 20:48:34,327 - File "view.py" added
INFO     - 2023-10-19 20:48:34,327 - File "_main.py" added
INFO     - 2023-10-19 20:48:34,327 - File "directory_list.cpython-311.pyc" added
INFO     - 2023-10-19 20:48:34,327 - File "log.cpython-311.pyc" added
INFO     - 2023-10-19 20:48:34,327 - File "logging.cpython-311.pyc" added
INFO     - 2023-10-19 20:48:34,327 - File "001_Hexadecimal.py" added
INFO     - 2023-10-19 20:48:34,327 - File "002_Fraction.py" added
INFO     - 2023-10-19 20:48:34,327 - File "001_SemLeftover.py" added
INFO     - 2023-10-19 20:48:34,327 - File "002_UniqueList.py" added
INFO     - 2023-10-19 20:48:34,327 - File "003_WordsCount.py" added
INFO     - 2023-10-19 20:48:34,327 - File "004_.py" added
INFO     - 2023-10-19 20:48:34,327 - File "001_MatrixFlip.py" added
INFO     - 2023-10-19 20:48:34,327 - File "002_.py" added
INFO     - 2023-10-19 20:48:34,327 - File "001_rand_digit_geneartor.py" added
INFO     - 2023-10-19 20:48:34,327 - File "002_file_path_converting.py" added
INFO     - 2023-10-19 20:48:34,327 - File "003_dict_generator.py" added
INFO     - 2023-10-19 20:48:34,327 - File "004_fibonacci.py" added
INFO     - 2023-10-19 20:48:34,327 - Directory "task1_2" added
INFO     - 2023-10-19 20:48:34,327 - Directory "task3_4" added
INFO     - 2023-10-19 20:48:34,327 - File "date_check.py" added
INFO     - 2023-10-19 20:48:34,327 - File "main.py" added
INFO     - 2023-10-19 20:48:34,327 - Directory "__pycache__" added
INFO     - 2023-10-19 20:48:34,327 - File "locations_generator.py" added
INFO     - 2023-10-19 20:48:34,327 - File "main.py" added
INFO     - 2023-10-19 20:48:34,327 - File "queen.py" added
INFO     - 2023-10-19 20:48:34,327 - File "locations_generator.cpython-311.pyc" added
INFO     - 2023-10-19 20:48:34,327 - File "queen.cpython-311.pyc" added
INFO     - 2023-10-19 20:48:34,327 - Directory "task1" added
INFO     - 2023-10-19 20:48:34,327 - Directory "task2" added
INFO     - 2023-10-19 20:48:34,327 - Directory "Pictures" added
INFO     - 2023-10-19 20:48:34,327 - Directory "task_folder" added
INFO     - 2023-10-19 20:48:34,327 - Directory "Text" added
INFO     - 2023-10-19 20:48:34,328 - Directory "Video" added
INFO     - 2023-10-19 20:48:34,328 - File "task1_files_sort.py" added
INFO     - 2023-10-19 20:48:34,328 - File "stock.png" added
INFO     - 2023-10-19 20:48:34,328 - File "Безымянный.png" added
INFO     - 2023-10-19 20:48:34,328 - File "Новый точечный рисунок.bmp" added
INFO     - 2023-10-19 20:48:34,328 - File "Снимок экрана 2023-09-26 202227.png" added
INFO     - 2023-10-19 20:48:34,328 - File "WinRAR archive.rar" added
INFO     - 2023-10-19 20:48:34,328 - File "example.pdf" added
INFO     - 2023-10-19 20:48:34,328 - File "Документ Microsoft Word — копия.docx" added
INFO     - 2023-10-19 20:48:34,328 - File "Документ Microsoft Word.docx" added
INFO     - 2023-10-19 20:48:34,328 - File "Новый текстовый документ — копия.txt" added
INFO     - 2023-10-19 20:48:34,328 - File "Новый текстовый документ.txt" added
INFO     - 2023-10-19 20:48:34,328 - File "IMG_6722.MP4" added
INFO     - 2023-10-19 20:48:34,328 - Directory "task_folder" added
INFO     - 2023-10-19 20:48:34,328 - File "task2_files_renaming.py" added
INFO     - 2023-10-19 20:48:34,328 - File "fiNENEW00001.txt" added
INFO     - 2023-10-19 20:48:34,328 - File "fiNENEW00002.txt" added
INFO     - 2023-10-19 20:48:34,328 - File "fiNENEW00003.txt" added
INFO     - 2023-10-19 20:48:34,328 - Directory "task_folder" added
INFO     - 2023-10-19 20:48:34,328 - Directory "__pycache__" added
INFO     - 2023-10-19 20:48:34,328 - File "directory_list.py" added
INFO     - 2023-10-19 20:48:34,328 - File "dir_list_cerilization.py" added
INFO     - 2023-10-19 20:48:34,328 - File "main.py" added
INFO     - 2023-10-19 20:48:34,328 - Directory "Pictures" added
INFO     - 2023-10-19 20:48:34,328 - Directory "Text" added
INFO     - 2023-10-19 20:48:34,328 - Directory "Video" added
INFO     - 2023-10-19 20:48:34,328 - File "WinRAR archive.rar" added
INFO     - 2023-10-19 20:48:34,328 - File "stock.png" added
INFO     - 2023-10-19 20:48:34,328 - File "Безымянный.png" added
INFO     - 2023-10-19 20:48:34,328 - File "Новый точечный рисунок.bmp" added
INFO     - 2023-10-19 20:48:34,328 - File "Снимок экрана 2023-09-26 202227.png" added
INFO     - 2023-10-19 20:48:34,329 - Directory "Notepad" added
INFO     - 2023-10-19 20:48:34,329 - Directory "Pdf" added
INFO     - 2023-10-19 20:48:34,329 - Directory "Word" added
INFO     - 2023-10-19 20:48:34,329 - File "Документ Microsoft Word — копия.docx" added
INFO     - 2023-10-19 20:48:34,329 - File "Документ Microsoft Word.docx" added
INFO     - 2023-10-19 20:48:34,329 - File "example.pdf" added
INFO     - 2023-10-19 20:48:34,329 - File "Новый текстовый документ — копия.txt" added
INFO     - 2023-10-19 20:48:34,329 - File "Новый текстовый документ.txt" added
INFO     - 2023-10-19 20:48:34,329 - File "IMG_6722.MP4" added
INFO     - 2023-10-19 20:48:34,329 - File "directory_list.cpython-311.pyc" added
INFO     - 2023-10-19 20:48:34,329 - File "dir_list_cerilization.cpython-311.pyc" added
INFO     - 2023-10-19 20:48:34,329 - File "csv_to_json.py" added
